<?xml version="1.0" encoding="UTF-8"?>
<!-- Generated by org.testng.reporters.JUnitXMLReporter -->
<testsuite hostname="FINLHYDAG888334" ignored="0" name="Default test" tests="3" failures="0" timestamp="2020-09-22T20:24:29 IST" time="2.745" errors="0">
  <testcase name="test1" time="0.176" classname="Automationframework.TestNGTestcases"/>
  <testcase name="test2" time="0.003" classname="Automationframework.TestNGTestcases"/>
  <testcase name="test3" time="0.002" classname="Automationframework.TestNGTestcases"/>
</testsuite> <!-- Default test -->
