<?xml version="1.0" encoding="UTF-8"?>
<testng-results skipped="0" failed="0" ignored="0" total="3" passed="3">
  <reporter-output>
  </reporter-output>
  <suite name="Default suite" duration-ms="2745" started-at="2020-09-22T20:24:26 IST" finished-at="2020-09-22T20:24:29 IST">
    <groups>
    </groups>
    <test name="Default test" duration-ms="2745" started-at="2020-09-22T20:24:26 IST" finished-at="2020-09-22T20:24:29 IST">
      <class name="Automationframework.TestNGTestcases">
        <test-method status="PASS" signature="Test()[pri:0, instance:Automationframework.TestNGTestcases@24959ca4]" name="Test" is-config="true" duration-ms="1913" started-at="2020-09-22T20:24:26 IST" finished-at="2020-09-22T20:24:28 IST">
          <reporter-output>
          </reporter-output>
        </test-method> <!-- Test -->
        <test-method status="PASS" signature="test1()[pri:0, instance:Automationframework.TestNGTestcases@24959ca4]" name="test1" duration-ms="176" started-at="2020-09-22T20:24:28 IST" finished-at="2020-09-22T20:24:28 IST">
          <reporter-output>
          </reporter-output>
        </test-method> <!-- test1 -->
        <test-method status="PASS" signature="close()[pri:0, instance:Automationframework.TestNGTestcases@24959ca4]" name="close" is-config="true" duration-ms="616" started-at="2020-09-22T20:24:28 IST" finished-at="2020-09-22T20:24:29 IST">
          <reporter-output>
          </reporter-output>
        </test-method> <!-- close -->
        <test-method status="PASS" signature="Test()[pri:0, instance:Automationframework.TestNGTestcases@24959ca4]" name="Test" is-config="true" duration-ms="7" started-at="2020-09-22T20:24:29 IST" finished-at="2020-09-22T20:24:29 IST">
          <reporter-output>
          </reporter-output>
        </test-method> <!-- Test -->
        <test-method status="PASS" signature="test2()[pri:1, instance:Automationframework.TestNGTestcases@24959ca4]" name="test2" duration-ms="3" started-at="2020-09-22T20:24:29 IST" finished-at="2020-09-22T20:24:29 IST">
          <reporter-output>
          </reporter-output>
        </test-method> <!-- test2 -->
        <test-method status="PASS" signature="Test()[pri:0, instance:Automationframework.TestNGTestcases@24959ca4]" name="Test" is-config="true" duration-ms="1" started-at="2020-09-22T20:24:29 IST" finished-at="2020-09-22T20:24:29 IST">
          <reporter-output>
          </reporter-output>
        </test-method> <!-- Test -->
        <test-method status="PASS" signature="close()[pri:0, instance:Automationframework.TestNGTestcases@24959ca4]" name="close" is-config="true" duration-ms="0" started-at="2020-09-22T20:24:29 IST" finished-at="2020-09-22T20:24:29 IST">
          <reporter-output>
          </reporter-output>
        </test-method> <!-- close -->
        <test-method status="PASS" signature="test3()[pri:2, instance:Automationframework.TestNGTestcases@24959ca4]" name="test3" duration-ms="2" started-at="2020-09-22T20:24:29 IST" finished-at="2020-09-22T20:24:29 IST">
          <reporter-output>
          </reporter-output>
        </test-method> <!-- test3 -->
        <test-method status="PASS" signature="close()[pri:0, instance:Automationframework.TestNGTestcases@24959ca4]" name="close" is-config="true" duration-ms="0" started-at="2020-09-22T20:24:29 IST" finished-at="2020-09-22T20:24:29 IST">
          <reporter-output>
          </reporter-output>
        </test-method> <!-- close -->
      </class> <!-- Automationframework.TestNGTestcases -->
    </test> <!-- Default test -->
  </suite> <!-- Default suite -->
</testng-results>
